<?xml version="1.0" encoding="UTF-8"?>
<!-- Generated by org.testng.reporters.JUnitReportReporter -->
<testsuite skipped="0" hostname="U6043473-TPL-A" name="annotaions.Annotations" tests="2" failures="0" timestamp="14 Jul 2018 03:47:08 GMT" time="0.010" errors="0">
  <testcase name="test1" time="0.009" classname="annotaions.Annotations"/>
  <testcase name="test2" time="0.001" classname="annotaions.Annotations"/>
</testsuite> <!-- annotaions.Annotations -->
