<?xml version="1.0" encoding="UTF-8"?>
<!-- Generated by org.testng.reporters.JUnitReportReporter -->
<testsuite skipped="0" hostname="U6043473-TPL-A" name="pack2.Class1" tests="1" failures="0" timestamp="25 Mar 2018 12:16:49 GMT" time="0.002" errors="0">
  <testcase name="test1" time="0.002" classname="pack2.Class1"/>
</testsuite> <!-- pack2.Class1 -->
