<?xml version="1.0" encoding="UTF-8"?>
<!-- Generated by org.testng.reporters.JUnitReportReporter -->
<testsuite name="appium.appiumAutomation.NativeApp" tests="1" time="9.768" ignored="0" failures="0" timestamp="15 Apr 2018 12:18:20 GMT" skipped="0" hostname="U6043473-TPL-A" errors="0">
  <testcase name="basicTest" time="9.768" classname="appium.appiumAutomation.NativeApp"/>
</testsuite> <!-- appium.appiumAutomation.NativeApp -->
