<?xml version="1.0" encoding="UTF-8"?>
<!-- Generated by org.testng.reporters.JUnitReportReporter -->
<testsuite name="appium.appiumAutomation.HybridApp" tests="1" time="5.712" ignored="0" failures="0" timestamp="16 Apr 2018 10:33:38 GMT" skipped="0" hostname="U6043473-TPL-A" errors="0">
  <testcase name="n" time="5.712" classname="appium.appiumAutomation.HybridApp"/>
</testsuite> <!-- appium.appiumAutomation.HybridApp -->
