<?xml version="1.0" encoding="UTF-8"?>
<!-- Generated by org.testng.reporters.JUnitReportReporter -->
<testsuite skipped="1" hostname="U6043473-TPL-A" name="seleniumprograms.HeadlessBrowser" tests="3" failures="0" timestamp="25 Apr 2018 16:39:23 GMT" time="57.926" errors="1">
  <testcase name="headlessChrome" time="4.018" classname="seleniumprograms.HeadlessBrowser"/>
  <testcase name="zipAndUnzipUsingSelenium" time="53.908" classname="seleniumprograms.HeadlessBrowser">
    <error type="java.lang.OutOfMemoryError" message="Java heap space">
      <![CDATA[java.lang.OutOfMemoryError: Java heap space
	at java.util.Arrays.copyOf(Unknown Source)
	at java.io.ByteArrayOutputStream.grow(Unknown Source)
	at java.io.ByteArrayOutputStream.ensureCapacity(Unknown Source)
	at java.io.ByteArrayOutputStream.write(Unknown Source)
	at java.util.zip.DeflaterOutputStream.deflate(Unknown Source)
	at java.util.zip.DeflaterOutputStream.write(Unknown Source)
	at java.util.zip.ZipOutputStream.write(Unknown Source)
	at org.openqa.selenium.io.Zip.addToZip(Zip.java:69)
	at org.openqa.selenium.io.Zip.addToZip(Zip.java:55)
	at org.openqa.selenium.io.Zip.addToZip(Zip.java:55)
	at org.openqa.selenium.io.Zip.zip(Zip.java:41)
	at seleniumprograms.HeadlessBrowser.zipAndUnzipUsingSelenium(HeadlessBrowser.java:62)
	at sun.reflect.NativeMethodAccessorImpl.invoke0(Native Method)
	at sun.reflect.NativeMethodAccessorImpl.invoke(Unknown Source)
	at sun.reflect.DelegatingMethodAccessorImpl.invoke(Unknown Source)
	at java.lang.reflect.Method.invoke(Unknown Source)
	at org.testng.internal.MethodInvocationHelper.invokeMethod(MethodInvocationHelper.java:108)
	at org.testng.internal.Invoker.invokeMethod(Invoker.java:661)
	at org.testng.internal.Invoker.invokeTestMethod(Invoker.java:869)
	at org.testng.internal.Invoker.invokeTestMethods(Invoker.java:1193)
	at org.testng.internal.TestMethodWorker.invokeTestMethods(TestMethodWorker.java:126)
	at org.testng.internal.TestMethodWorker.run(TestMethodWorker.java:109)
	at org.testng.TestRunner.privateRun(TestRunner.java:744)
	at org.testng.TestRunner.run(TestRunner.java:602)
	at org.testng.SuiteRunner.runTest(SuiteRunner.java:380)
	at org.testng.SuiteRunner.runSequentially(SuiteRunner.java:375)
	at org.testng.SuiteRunner.privateRun(SuiteRunner.java:340)
	at org.testng.SuiteRunner.run(SuiteRunner.java:289)
	at org.testng.SuiteRunnerWorker.runSuite(SuiteRunnerWorker.java:52)
	at org.testng.SuiteRunnerWorker.run(SuiteRunnerWorker.java:86)
	at org.testng.TestNG.runSuitesSequentially(TestNG.java:1301)
	at org.testng.TestNG.runSuitesLocally(TestNG.java:1226)
]]>
    </error>
  </testcase> <!-- zipAndUnzipUsingSelenium -->
  <testcase name="headlessFFF" classname="seleniumprograms.HeadlessBrowser">
    <skipped/>
  </testcase> <!-- headlessFFF -->
</testsuite> <!-- seleniumprograms.HeadlessBrowser -->
