<?xml version="1.0" encoding="UTF-8"?>
<!-- Generated by org.testng.reporters.JUnitReportReporter -->
<testsuite skipped="0" hostname="U6043473-TPL-A" name="seleniumprograms.Basics" tests="1" failures="0" timestamp="13 Jul 2018 09:54:38 GMT" time="4.331" errors="0">
  <testcase name="basicslearing" time="4.331" classname="seleniumprograms.Basics"/>
</testsuite> <!-- seleniumprograms.Basics -->
