<?xml version="1.0" encoding="UTF-8"?>
<!-- Generated by org.testng.reporters.JUnitReportReporter -->
<testsuite skipped="3" hostname="U6043473-TPL-A" name="seleniumprograms.BrowserOptions" tests="4" failures="0" timestamp="27 Apr 2018 14:23:30 GMT" time="12.654" errors="0">
  <testcase name="disableNotifications" time="12.654" classname="seleniumprograms.BrowserOptions"/>
  <testcase name="sslCertification" classname="seleniumprograms.BrowserOptions">
    <skipped/>
  </testcase> <!-- sslCertification -->
  <testcase name="browserOptions" classname="seleniumprograms.BrowserOptions">
    <skipped/>
  </testcase> <!-- browserOptions -->
  <testcase name="proxySettings" classname="seleniumprograms.BrowserOptions">
    <skipped/>
  </testcase> <!-- proxySettings -->
</testsuite> <!-- seleniumprograms.BrowserOptions -->
