<?xml version="1.0" encoding="UTF-8"?>
<!-- Generated by org.testng.reporters.JUnitReportReporter -->
<testsuite name="com.test.restassured.postrequests.PostRequest" tests="1" time="1.958" ignored="0" failures="0" timestamp="04 Jul 2018 16:36:36 GMT" skipped="0" hostname="U6043473-TPL-A" errors="0">
  <testcase name="firstPostRequest" time="1.958" classname="com.test.restassured.postrequests.PostRequest"/>
</testsuite> <!-- com.test.restassured.postrequests.PostRequest -->
