<?xml version="1.0" encoding="UTF-8"?>
<!-- Generated by org.testng.reporters.JUnitReportReporter -->
<testsuite name="com.test.restassured.requests.GetRequest" tests="2" time="2.399" ignored="0" failures="0" timestamp="03 Jul 2018 15:40:45 GMT" skipped="0" hostname="U6043473-TPL-A" errors="0">
  <testcase name="firstGetRequest" time="1.749" classname="com.test.restassured.requests.GetRequest"/>
  <testcase name="secondGetRequestwithHeader" time="0.650" classname="com.test.restassured.requests.GetRequest"/>
</testsuite> <!-- com.test.restassured.requests.GetRequest -->
